
CPPTRAJ: Trajectory Analysis. V4.14.0 (AmberTools V19.00)
    ___  ___  ___  ___
     | \/ | \/ | \/ | 
    _|_/\_|_/\_|_/\_|_

| Date/time: 11/21/19 21:07:52
| Available memory: 20.140 MB

	Reading 'parm7' as Amber Topology
	Radius Set: modified Bondi radii (mbondi)
INPUT: Reading input from 'rmsd.cpptraj'
  [trajin 02_Heat.nc]
	Reading '02_Heat.nc' as Amber NetCDF
  [trajin 03_Prod.nc]
	Reading '03_Prod.nc' as Amber NetCDF
  [reference 01_Min.ncrst]
	Reading '01_Min.ncrst' as Amber NC Restart
	Setting active reference for distance-based masks: '01_Min.ncrst'
  [autoimage]
    AUTOIMAGE: To box center based on center of mass, anchor is first molecule.
  [rms reference mass out 02_03.rms time 2.0 :2]
    RMSD: (:2), reference is "ACE" (:2), mass-weighted.
	Best-fit RMSD will be calculated, coords will be rotated and translated.
---------- RUN BEGIN -------------------------------------------------

PARAMETER FILES (1 total):
 0: parm7, 1912 atoms, 633 res, box: Orthogonal, 631 mol, 630 solvent

INPUT TRAJECTORIES (2 total):
 0: '02_Heat.nc' is a NetCDF AMBER trajectory with coordinates, time, box, Parm parm7 (Orthogonal box) (reading 100 of 100)
 1: '03_Prod.nc' is a NetCDF AMBER trajectory with coordinates, time, box, Parm parm7 (Orthogonal box) (reading 300 of 300)
  Coordinate processing will occur on 400 frames.

REFERENCE FRAMES (1 total):
    0: 01_Min.ncrst:1
	Active reference frame for distance-based masks is 'ACE'

BEGIN TRAJECTORY PROCESSING:
.....................................................
ACTION SETUP FOR PARM 'parm7' (2 actions):
  0: [autoimage]
	Using first molecule as anchor.
	630 molecules are mobile.
  1: [rms reference mass out 02_03.rms time 2.0 :2]
	Target mask: [:2](10)
	Reference mask: [:2](10)
Warning: Coordinates are being rotated and box coordinates are present.
Warning: Unit cell vectors are NOT rotated; imaging will not be possible
Warning:  after the RMS-fit is performed.
----- 02_Heat.nc (1-100, 1) -----
 0% 10% 20% 
----- 03_Prod.nc (1-300, 1) -----
30% 40% 50% 60% 70% 80% 90% 100% Complete.

Read 400 frames and processed 400 frames.
TIME: Avg. throughput= 9132.6286 frames / second.

ACTION OUTPUT:
TIME: Analyses took 0.0000 seconds.

DATASETS (1 total):
	RMSD_00002 "RMSD_00002" (double, rms), size is 400 (3.200 kB)
    Total data set memory usage is at least 3.200 kB

DATAFILES (1 total):
  02_03.rms (Standard Data File):  RMSD_00002

RUN TIMING:
TIME:		Init               : 0.0001 s (  0.12%)
TIME:		Trajectory Process : 0.0438 s ( 96.23%)
TIME:		Action Post        : 0.0000 s (  0.00%)
TIME:		Analysis           : 0.0000 s (  0.00%)
TIME:		Data File Write    : 0.0016 s (  3.50%)
TIME:		Other              : 0.0001 s (  0.00%)
TIME:	Run Total 0.0455 s
---------- RUN END ---------------------------------------------------
TIME: Total execution time: 0.1875 seconds.
--------------------------------------------------------------------------------
To cite CPPTRAJ use:
Daniel R. Roe and Thomas E. Cheatham, III, "PTRAJ and CPPTRAJ: Software for
  Processing and Analysis of Molecular Dynamics Trajectory Data". J. Chem.
  Theory Comput., 2013, 9 (7), pp 3084-3095.

